[2017-07-12 07:49:58] PFK_API.INFO: Something interesting happened [] []
[2017-07-12 07:55:26] PFK_API.INFO: Something interesting happened [] []
[2017-07-12 07:57:03] PFK_API.INFO: Something interesting happened [] []
[2017-07-12 08:00:49] PFK_API.INFO: Something interesting happened [] []
[2017-07-12 08:04:11] PFK_API.INFO: Something interesting happened [] []
[2017-07-12 08:06:21] PFK_API.INFO: Something interesting happened [] []
[2017-07-12 08:06:46] PFK_API.INFO: Something interesting happened [] []
[2017-07-12 08:06:50] PFK_API.INFO: Something interesting happened [] []
[2017-07-12 08:07:42] PFK_API.INFO: Something interesting happened [] []
[2017-07-12 08:07:42] PFK_API.ERROR: Object of class PDO could not be converted to string [] []
[2017-07-12 08:08:01] PFK_API.INFO: Something interesting happened [] []
[2017-07-12 08:08:01] PFK_API.ERROR: Object of class PDO could not be converted to string [] []
[2017-07-12 08:08:05] PFK_API.INFO: Something interesting happened [] []
[2017-07-12 08:08:05] PFK_API.ERROR: Object of class PDO could not be converted to string [] []
[2017-07-12 08:14:46] PFK_API.INFO: Something interesting happened [] []
[2017-07-12 08:14:46] PFK_API.ERROR: Object of class PDO could not be converted to string [] []
[2017-07-12 08:15:15] PFK_API.INFO: Something interesting happened [] []
[2017-07-12 08:18:21] PFK_API.ERROR: Undefined variable: app [] []
[2017-07-12 08:19:23] PFK_API.INFO: Something interesting happened [] []
[2017-07-12 08:19:51] PFK_API.INFO: Something interesting happened [] []
[2017-07-12 08:24:01] PFK_API.INFO: Something interesting happened [] []
[2017-07-12 08:27:46] PFK_API.INFO: Something interesting happened [] []
[2017-07-12 08:29:50] PFK_API.INFO: Something interesting happened [] []
[2017-07-12 08:34:16] PFK_API.INFO: Something interesting happened [] []
[2017-07-12 08:43:49] PFK_API.INFO: Something interesting happened [] []
[2017-07-12 08:43:55] PFK_API.INFO: Something interesting happened [] []
[2017-07-12 08:52:24] PFK_API.INFO: Something interesting happened [] []
[2017-07-12 08:52:25] PFK_API.INFO: Something interesting happened [] []
[2017-07-12 08:55:50] PFK_API.INFO: Something interesting happened [] []
[2017-07-12 08:56:28] PFK_API.INFO: Something interesting happened [] []
[2017-07-12 10:33:09] PFK_API.ERROR: Missing argument 1 for hello(), called in /home/pfk-sieradz/websites/www/PFKApi/src/public/index.php on line 35 and defined [] []
[2017-07-12 10:33:31] PFK_API.ERROR: Missing argument 1 for hello(), called in /home/pfk-sieradz/websites/www/PFKApi/src/public/index.php on line 35 and defined [] []
[2017-07-12 10:33:37] PFK_API.ERROR: Missing argument 1 for hello(), called in /home/pfk-sieradz/websites/www/PFKApi/src/public/index.php on line 35 and defined [] []
[2017-07-12 10:34:28] PFK_API.INFO: Something interesting happened [] []
[2017-07-12 10:35:46] PFK_API.INFO: Something interesting happened [] []
[2017-07-12 10:35:46] PFK_API.ERROR: Undefined variable: name [] []
[2017-07-12 10:35:51] PFK_API.INFO: Something interesting happened [] []
[2017-07-12 10:35:51] PFK_API.ERROR: Undefined variable: name [] []
[2017-07-12 10:35:53] PFK_API.INFO: Something interesting happened [] []
[2017-07-12 10:35:53] PFK_API.ERROR: Undefined variable: name [] []
[2017-07-12 10:36:29] PFK_API.INFO: Something interesting happened [] []
[2017-07-12 10:36:29] PFK_API.ERROR: Undefined variable: name [] []
[2017-07-12 10:37:12] PFK_API.INFO: Something interesting happened [] []
[2017-07-12 10:39:18] PFK_API.INFO: Something interesting happened [] []
[2017-07-12 10:41:31] PFK_API.INFO: Something interesting happened [] []
[2017-07-12 10:41:34] PFK_API.INFO: Something interesting happened [] []
[2017-07-12 10:41:35] PFK_API.INFO: Something interesting happened [] []
[2017-07-12 10:41:45] PFK_API.INFO: Something interesting happened [] []
[2017-07-12 10:52:08] PFK_API.INFO: Something interesting happened [] []
[2017-07-12 10:52:13] PFK_API.INFO: Something interesting happened [] []
[2017-07-12 10:53:28] PFK_API.INFO: Something interesting happened [] []
[2017-07-12 10:53:33] PFK_API.INFO: Something interesting happened [] []
[2017-07-12 11:12:58] PFK_API.ERROR: exception 'ErrorException' with message 'Missing argument 1 for {closure}()' in /home/pfk-sieradz/websites/www/PFKApi/src/public/index.php:35 Stack trace: #0 /home/pfk-sieradz/websites/www/PFKApi/src/public/index.php(35): Slim\Slim::handleErrors(2, 'Missing argumen...', '/home/pfk-siera...', 35, Array) #1 [internal function]: {closure}() #2 /home/pfk-sieradz/websites/www/PFKApi/src/vendor/slim/slim/Slim/Route.php(468): call_user_func_array(Object(Closure), Array) #3 /home/pfk-sieradz/websites/www/PFKApi/src/vendor/slim/slim/Slim/Slim.php(1355): Slim\Route->dispatch() #4 /home/pfk-sieradz/websites/www/PFKApi/src/vendor/slim/slim/Slim/Middleware/Flash.php(85): Slim\Slim->call() #5 /home/pfk-sieradz/websites/www/PFKApi/src/vendor/slim/slim/Slim/Middleware/MethodOverride.php(92): Slim\Middleware\Flash->call() #6 /home/pfk-sieradz/websites/www/PFKApi/src/vendor/tuupola/slim-jwt-auth/src/JwtAuthentication.php(77): Slim\Middleware\MethodOverride->call() #7 /home/pfk-sieradz/websites/www/PFKApi/src/vendor/slim/slim/Slim/Middleware/PrettyExceptions.php(67): Slim\Middleware\JwtAuthentication->call() #8 /home/pfk-sieradz/websites/www/PFKApi/src/vendor/slim/slim/Slim/Slim.php(1300): Slim\Middleware\PrettyExceptions->call() #9 /home/pfk-sieradz/websites/www/PFKApi/src/public/index.php(41): Slim\Slim->run() #10 {main} [] []
[2017-07-12 11:14:36] PFK_API.INFO: Something interesting happened [] []
[2017-07-12 11:15:28] PFK_API.INFO: Something interesting happened [] []
[2017-07-12 11:15:55] PFK_API.INFO: Something interesting happened [] []
[2017-07-12 11:16:26] PFK_API.INFO: Something interesting happened [] []
[2017-07-12 11:17:12] PFK_API.INFO: Something interesting happened [] []
[2017-07-12 11:17:14] PFK_API.INFO: Something interesting happened [] []
[2017-07-12 11:54:02] PFK_API.ERROR: exception 'ErrorException' with message 'Undefined variable: db' in /home/pfk-sieradz/websites/www/PFKApi/src/public/index.php:44 Stack trace: #0 /home/pfk-sieradz/websites/www/PFKApi/src/public/index.php(44): Slim\Slim::handleErrors(8, 'Undefined varia...', '/home/pfk-siera...', 44, Array) #1 [internal function]: {closure}() #2 /home/pfk-sieradz/websites/www/PFKApi/src/vendor/slim/slim/Slim/Route.php(468): call_user_func_array(Object(Closure), Array) #3 /home/pfk-sieradz/websites/www/PFKApi/src/vendor/slim/slim/Slim/Slim.php(1355): Slim\Route->dispatch() #4 /home/pfk-sieradz/websites/www/PFKApi/src/vendor/slim/slim/Slim/Middleware/Flash.php(85): Slim\Slim->call() #5 /home/pfk-sieradz/websites/www/PFKApi/src/vendor/slim/slim/Slim/Middleware/MethodOverride.php(92): Slim\Middleware\Flash->call() #6 /home/pfk-sieradz/websites/www/PFKApi/src/vendor/tuupola/slim-jwt-auth/src/JwtAuthentication.php(77): Slim\Middleware\MethodOverride->call() #7 /home/pfk-sieradz/websites/www/PFKApi/src/vendor/slim/slim/Slim/Middleware/PrettyExceptions.php(67): Slim\Middleware\JwtAuthentication->call() #8 /home/pfk-sieradz/websites/www/PFKApi/src/vendor/slim/slim/Slim/Slim.php(1300): Slim\Middleware\PrettyExceptions->call() #9 /home/pfk-sieradz/websites/www/PFKApi/src/public/index.php(47): Slim\Slim->run() #10 {main} [] []
[2017-07-12 11:55:04] PFK_API.ERROR: exception 'ErrorException' with message 'Undefined variable: db' in /home/pfk-sieradz/websites/www/PFKApi/src/public/index.php:44 Stack trace: #0 /home/pfk-sieradz/websites/www/PFKApi/src/public/index.php(44): Slim\Slim::handleErrors(8, 'Undefined varia...', '/home/pfk-siera...', 44, Array) #1 [internal function]: {closure}() #2 /home/pfk-sieradz/websites/www/PFKApi/src/vendor/slim/slim/Slim/Route.php(468): call_user_func_array(Object(Closure), Array) #3 /home/pfk-sieradz/websites/www/PFKApi/src/vendor/slim/slim/Slim/Slim.php(1355): Slim\Route->dispatch() #4 /home/pfk-sieradz/websites/www/PFKApi/src/vendor/slim/slim/Slim/Middleware/Flash.php(85): Slim\Slim->call() #5 /home/pfk-sieradz/websites/www/PFKApi/src/vendor/slim/slim/Slim/Middleware/MethodOverride.php(92): Slim\Middleware\Flash->call() #6 /home/pfk-sieradz/websites/www/PFKApi/src/vendor/tuupola/slim-jwt-auth/src/JwtAuthentication.php(77): Slim\Middleware\MethodOverride->call() #7 /home/pfk-sieradz/websites/www/PFKApi/src/vendor/slim/slim/Slim/Middleware/PrettyExceptions.php(67): Slim\Middleware\JwtAuthentication->call() #8 /home/pfk-sieradz/websites/www/PFKApi/src/vendor/slim/slim/Slim/Slim.php(1300): Slim\Middleware\PrettyExceptions->call() #9 /home/pfk-sieradz/websites/www/PFKApi/src/public/index.php(47): Slim\Slim->run() #10 {main} [] []
[2017-07-12 13:06:37] slim.WARNING: Token not found [] []
[2017-07-12 13:10:22] slim.WARNING: Token not found [] []
[2017-07-12 13:10:59] slim.DEBUG: Using token from environent [] []
[2017-07-12 13:10:59] PFK_API.INFO: Something interesting happened [] []
[2017-07-12 13:12:29] slim.DEBUG: Using token from environent [] []
[2017-07-12 13:12:29] slim.WARNING: Signature verification failed ["eyJhbGciOiJIUzI1NiIsInR5cCI6IkpXVCJ9.e30.t-IDcSemACt8x4iTMCda8Yhe3iZaWbvV5XKSTbuAn0M"] []
[2017-07-12 13:14:15] PFK_API.INFO: Something interesting happened [] []
[2017-07-12 13:15:52] PFK_API.INFO: Something interesting happened [] []
[2017-07-12 13:18:23] PFK_API.INFO: Something interesting happened [] []
[2017-07-12 13:19:01] slim.DEBUG: Using token from environent [] []
[2017-07-12 13:19:01] PFK_API.INFO: Something interesting happened [] []
[2017-07-12 13:23:33] slim.DEBUG: Using token from environent [] []
[2017-07-12 13:23:33] PFK_API.INFO: Something interesting happened [] []
[2017-07-12 13:23:59] slim.DEBUG: Using token from environent [] []
[2017-07-12 13:23:59] PFK_API.INFO: Something interesting happened [] []
[2017-07-12 13:24:34] slim.DEBUG: Using token from environent [] []
[2017-07-12 13:24:34] PFK_API.INFO: Something interesting happened [] []
[2017-07-12 13:31:10] slim.DEBUG: Using token from environent [] []
[2017-07-12 13:31:10] PFK_API.ERROR: exception 'ErrorException' with message 'Missing argument 2 for {closure}(), called in /home/pfk-sieradz/websites/www/PFKApi/src/vendor/tuupola/slim-jwt-auth/src/JwtAuthentication.php on line 113 and defined' in /home/pfk-sieradz/websites/www/PFKApi/src/public/index.php:19 Stack trace: #0 /home/pfk-sieradz/websites/www/PFKApi/src/public/index.php(19): Slim\Slim::handleErrors(2, 'Missing argumen...', '/home/pfk-siera...', 19, Array) #1 /home/pfk-sieradz/websites/www/PFKApi/src/vendor/tuupola/slim-jwt-auth/src/JwtAuthentication.php(113): {closure}(Array) #2 /home/pfk-sieradz/websites/www/PFKApi/src/vendor/slim/slim/Slim/Middleware/PrettyExceptions.php(67): Slim\Middleware\JwtAuthentication->call() #3 /home/pfk-sieradz/websites/www/PFKApi/src/vendor/slim/slim/Slim/Slim.php(1300): Slim\Middleware\PrettyExceptions->call() #4 /home/pfk-sieradz/websites/www/PFKApi/src/public/index.php(61): Slim\Slim->run() #5 {main} [] []
[2017-07-12 14:44:12] slim.WARNING: Token not found [] []
[2017-07-12 14:44:31] slim.DEBUG: Using token from environent [] []
[2017-07-12 14:44:31] PFK_API.ERROR: exception 'ErrorException' with message 'Missing argument 2 for {closure}(), called in /home/pfk-sieradz/websites/www/PFKApi/src/vendor/tuupola/slim-jwt-auth/src/JwtAuthentication.php on line 113 and defined' in /home/pfk-sieradz/websites/www/PFKApi/src/public/index.php:19 Stack trace: #0 /home/pfk-sieradz/websites/www/PFKApi/src/public/index.php(19): Slim\Slim::handleErrors(2, 'Missing argumen...', '/home/pfk-siera...', 19, Array) #1 /home/pfk-sieradz/websites/www/PFKApi/src/vendor/tuupola/slim-jwt-auth/src/JwtAuthentication.php(113): {closure}(Array) #2 /home/pfk-sieradz/websites/www/PFKApi/src/vendor/slim/slim/Slim/Middleware/PrettyExceptions.php(67): Slim\Middleware\JwtAuthentication->call() #3 /home/pfk-sieradz/websites/www/PFKApi/src/vendor/slim/slim/Slim/Slim.php(1300): Slim\Middleware\PrettyExceptions->call() #4 /home/pfk-sieradz/websites/www/PFKApi/src/public/index.php(61): Slim\Slim->run() #5 {main} [] []
[2017-07-12 14:50:29] slim.DEBUG: Using token from environent [] []
[2017-07-12 14:50:29] PFK_API.INFO: Something interesting happened [] []
[2017-07-12 14:50:44] slim.DEBUG: Using token from environent [] []
[2017-07-12 14:50:44] PFK_API.INFO: Something interesting happened [] []
[2017-07-12 14:54:26] slim.DEBUG: Using token from environent [] []
[2017-07-12 14:54:26] PFK_API.INFO: Something interesting happened [] []
[2017-07-12 15:22:35] slim.DEBUG: Using token from environent [] []
[2017-07-12 15:22:35] PFK_API.ERROR: exception 'ErrorException' with message 'Missing argument 2 for {closure}(), called in /home/pfk-sieradz/websites/www/PFKApi/src/vendor/tuupola/slim-jwt-auth/src/JwtAuthentication.php on line 113 and defined' in /home/pfk-sieradz/websites/www/PFKApi/src/public/index.php:19 Stack trace: #0 /home/pfk-sieradz/websites/www/PFKApi/src/public/index.php(19): Slim\Slim::handleErrors(2, 'Missing argumen...', '/home/pfk-siera...', 19, Array) #1 /home/pfk-sieradz/websites/www/PFKApi/src/vendor/tuupola/slim-jwt-auth/src/JwtAuthentication.php(113): {closure}(Array) #2 /home/pfk-sieradz/websites/www/PFKApi/src/vendor/slim/slim/Slim/Middleware/PrettyExceptions.php(67): Slim\Middleware\JwtAuthentication->call() #3 /home/pfk-sieradz/websites/www/PFKApi/src/vendor/slim/slim/Slim/Slim.php(1300): Slim\Middleware\PrettyExceptions->call() #4 /home/pfk-sieradz/websites/www/PFKApi/src/public/index.php(61): Slim\Slim->run() #5 {main} [] []
[2017-07-12 15:22:43] slim.DEBUG: Using token from environent [] []
[2017-07-12 15:22:43] PFK_API.ERROR: exception 'ErrorException' with message 'Missing argument 2 for {closure}(), called in /home/pfk-sieradz/websites/www/PFKApi/src/vendor/tuupola/slim-jwt-auth/src/JwtAuthentication.php on line 113 and defined' in /home/pfk-sieradz/websites/www/PFKApi/src/public/index.php:19 Stack trace: #0 /home/pfk-sieradz/websites/www/PFKApi/src/public/index.php(19): Slim\Slim::handleErrors(2, 'Missing argumen...', '/home/pfk-siera...', 19, Array) #1 /home/pfk-sieradz/websites/www/PFKApi/src/vendor/tuupola/slim-jwt-auth/src/JwtAuthentication.php(113): {closure}(Array) #2 /home/pfk-sieradz/websites/www/PFKApi/src/vendor/slim/slim/Slim/Middleware/PrettyExceptions.php(67): Slim\Middleware\JwtAuthentication->call() #3 /home/pfk-sieradz/websites/www/PFKApi/src/vendor/slim/slim/Slim/Slim.php(1300): Slim\Middleware\PrettyExceptions->call() #4 /home/pfk-sieradz/websites/www/PFKApi/src/public/index.php(61): Slim\Slim->run() #5 {main} [] []
[2017-07-12 15:22:57] slim.DEBUG: Using token from environent [] []
[2017-07-12 15:22:57] PFK_API.ERROR: exception 'ErrorException' with message 'Missing argument 2 for {closure}(), called in /home/pfk-sieradz/websites/www/PFKApi/src/vendor/tuupola/slim-jwt-auth/src/JwtAuthentication.php on line 113 and defined' in /home/pfk-sieradz/websites/www/PFKApi/src/public/index.php:19 Stack trace: #0 /home/pfk-sieradz/websites/www/PFKApi/src/public/index.php(19): Slim\Slim::handleErrors(2, 'Missing argumen...', '/home/pfk-siera...', 19, Array) #1 /home/pfk-sieradz/websites/www/PFKApi/src/vendor/tuupola/slim-jwt-auth/src/JwtAuthentication.php(113): {closure}(Array) #2 /home/pfk-sieradz/websites/www/PFKApi/src/vendor/slim/slim/Slim/Middleware/PrettyExceptions.php(67): Slim\Middleware\JwtAuthentication->call() #3 /home/pfk-sieradz/websites/www/PFKApi/src/vendor/slim/slim/Slim/Slim.php(1300): Slim\Middleware\PrettyExceptions->call() #4 /home/pfk-sieradz/websites/www/PFKApi/src/public/index.php(61): Slim\Slim->run() #5 {main} [] []
[2017-07-12 15:24:08] slim.DEBUG: Using token from environent [] []
[2017-07-12 15:24:08] PFK_API.ERROR: exception 'ErrorException' with message 'Undefined variable: arguments' in /home/pfk-sieradz/websites/www/PFKApi/src/public/index.php:20 Stack trace: #0 /home/pfk-sieradz/websites/www/PFKApi/src/public/index.php(20): Slim\Slim::handleErrors(8, 'Undefined varia...', '/home/pfk-siera...', 20, Array) #1 /home/pfk-sieradz/websites/www/PFKApi/src/vendor/tuupola/slim-jwt-auth/src/JwtAuthentication.php(113): {closure}(Array) #2 /home/pfk-sieradz/websites/www/PFKApi/src/vendor/slim/slim/Slim/Middleware/PrettyExceptions.php(67): Slim\Middleware\JwtAuthentication->call() #3 /home/pfk-sieradz/websites/www/PFKApi/src/vendor/slim/slim/Slim/Slim.php(1300): Slim\Middleware\PrettyExceptions->call() #4 /home/pfk-sieradz/websites/www/PFKApi/src/public/index.php(61): Slim\Slim->run() #5 {main} [] []
[2017-07-12 15:24:41] slim.DEBUG: Using token from environent [] []
[2017-07-12 15:24:41] PFK_API.INFO: Something interesting happened [] []
[2017-07-12 15:26:38] slim.DEBUG: Using token from environent [] []
[2017-07-12 15:26:38] PFK_API.ERROR: exception 'ErrorException' with message 'Trying to get property of non-object' in /home/pfk-sieradz/websites/www/PFKApi/src/public/index.php:50 Stack trace: #0 /home/pfk-sieradz/websites/www/PFKApi/src/public/index.php(50): Slim\Slim::handleErrors(8, 'Trying to get p...', '/home/pfk-siera...', 50, Array) #1 [internal function]: {closure}('world') #2 /home/pfk-sieradz/websites/www/PFKApi/src/vendor/slim/slim/Slim/Route.php(468): call_user_func_array(Object(Closure), Array) #3 /home/pfk-sieradz/websites/www/PFKApi/src/vendor/slim/slim/Slim/Slim.php(1355): Slim\Route->dispatch() #4 /home/pfk-sieradz/websites/www/PFKApi/src/vendor/slim/slim/Slim/Middleware/Flash.php(85): Slim\Slim->call() #5 /home/pfk-sieradz/websites/www/PFKApi/src/vendor/slim/slim/Slim/Middleware/MethodOverride.php(92): Slim\Middleware\Flash->call() #6 /home/pfk-sieradz/websites/www/PFKApi/src/vendor/tuupola/slim-jwt-auth/src/JwtAuthentication.php(123): Slim\Middleware\MethodOverride->call() #7 /home/pfk-sieradz/websites/www/PFKApi/src/vendor/slim/slim/Slim/Middleware/PrettyExceptions.php(67): Slim\Middleware\JwtAuthentication->call() #8 /home/pfk-sieradz/websites/www/PFKApi/src/vendor/slim/slim/Slim/Slim.php(1300): Slim\Middleware\PrettyExceptions->call() #9 /home/pfk-sieradz/websites/www/PFKApi/src/public/index.php(62): Slim\Slim->run() #10 {main} [] []
[2017-07-12 15:27:27] slim.DEBUG: Using token from environent [] []
[2017-07-12 15:27:27] PFK_API.ERROR: exception 'ErrorException' with message 'Undefined property: stdClass::$scope' in /home/pfk-sieradz/websites/www/PFKApi/src/public/index.php:50 Stack trace: #0 /home/pfk-sieradz/websites/www/PFKApi/src/public/index.php(50): Slim\Slim::handleErrors(8, 'Undefined prope...', '/home/pfk-siera...', 50, Array) #1 [internal function]: {closure}('world') #2 /home/pfk-sieradz/websites/www/PFKApi/src/vendor/slim/slim/Slim/Route.php(468): call_user_func_array(Object(Closure), Array) #3 /home/pfk-sieradz/websites/www/PFKApi/src/vendor/slim/slim/Slim/Slim.php(1355): Slim\Route->dispatch() #4 /home/pfk-sieradz/websites/www/PFKApi/src/vendor/slim/slim/Slim/Middleware/Flash.php(85): Slim\Slim->call() #5 /home/pfk-sieradz/websites/www/PFKApi/src/vendor/slim/slim/Slim/Middleware/MethodOverride.php(92): Slim\Middleware\Flash->call() #6 /home/pfk-sieradz/websites/www/PFKApi/src/vendor/tuupola/slim-jwt-auth/src/JwtAuthentication.php(123): Slim\Middleware\MethodOverride->call() #7 /home/pfk-sieradz/websites/www/PFKApi/src/vendor/slim/slim/Slim/Middleware/PrettyExceptions.php(67): Slim\Middleware\JwtAuthentication->call() #8 /home/pfk-sieradz/websites/www/PFKApi/src/vendor/slim/slim/Slim/Slim.php(1300): Slim\Middleware\PrettyExceptions->call() #9 /home/pfk-sieradz/websites/www/PFKApi/src/public/index.php(62): Slim\Slim->run() #10 {main} [] []
[2017-07-12 15:32:05] slim.DEBUG: Using token from environent [] []
[2017-07-12 15:32:05] PFK_API.ERROR: exception 'ErrorException' with message 'Creating default object from empty value' in /home/pfk-sieradz/websites/www/PFKApi/src/public/index.php:18 Stack trace: #0 /home/pfk-sieradz/websites/www/PFKApi/src/public/index.php(18): Slim\Slim::handleErrors(2, 'Creating defaul...', '/home/pfk-siera...', 18, Array) #1 /home/pfk-sieradz/websites/www/PFKApi/src/vendor/tuupola/slim-jwt-auth/src/JwtAuthentication.php(113): {closure}(Array) #2 /home/pfk-sieradz/websites/www/PFKApi/src/vendor/slim/slim/Slim/Middleware/PrettyExceptions.php(67): Slim\Middleware\JwtAuthentication->call() #3 /home/pfk-sieradz/websites/www/PFKApi/src/vendor/slim/slim/Slim/Slim.php(1300): Slim\Middleware\PrettyExceptions->call() #4 /home/pfk-sieradz/websites/www/PFKApi/src/public/index.php(62): Slim\Slim->run() #5 {main} [] []
[2017-07-12 15:33:27] slim.DEBUG: Using token from environent [] []
[2017-07-12 15:33:27] PFK_API.INFO: Something interesting happened [] []
[2017-07-12 15:34:00] slim.DEBUG: Using token from environent [] []
[2017-07-12 15:34:00] PFK_API.INFO: Something interesting happened [] []
[2017-07-12 15:34:24] slim.DEBUG: Using token from environent [] []
[2017-07-12 15:34:24] PFK_API.INFO: Something interesting happened [] []
[2017-07-12 15:36:48] slim.DEBUG: Using token from environent [] []
[2017-07-12 15:36:48] PFK_API.INFO: Something interesting happened [] []
[2017-07-12 15:37:31] slim.DEBUG: Using token from environent [] []
[2017-07-12 15:37:31] PFK_API.ERROR: exception 'ErrorException' with message 'Undefined property: stdClass::$scope' in /home/pfk-sieradz/websites/www/PFKApi/src/public/index.php:44 Stack trace: #0 /home/pfk-sieradz/websites/www/PFKApi/src/public/index.php(44): Slim\Slim::handleErrors(8, 'Undefined prope...', '/home/pfk-siera...', 44, Array) #1 [internal function]: {closure}('world') #2 /home/pfk-sieradz/websites/www/PFKApi/src/vendor/slim/slim/Slim/Route.php(468): call_user_func_array(Object(Closure), Array) #3 /home/pfk-sieradz/websites/www/PFKApi/src/vendor/slim/slim/Slim/Slim.php(1355): Slim\Route->dispatch() #4 /home/pfk-sieradz/websites/www/PFKApi/src/vendor/slim/slim/Slim/Middleware/Flash.php(85): Slim\Slim->call() #5 /home/pfk-sieradz/websites/www/PFKApi/src/vendor/slim/slim/Slim/Middleware/MethodOverride.php(92): Slim\Middleware\Flash->call() #6 /home/pfk-sieradz/websites/www/PFKApi/src/vendor/tuupola/slim-jwt-auth/src/JwtAuthentication.php(123): Slim\Middleware\MethodOverride->call() #7 /home/pfk-sieradz/websites/www/PFKApi/src/vendor/slim/slim/Slim/Middleware/PrettyExceptions.php(67): Slim\Middleware\JwtAuthentication->call() #8 /home/pfk-sieradz/websites/www/PFKApi/src/vendor/slim/slim/Slim/Slim.php(1300): Slim\Middleware\PrettyExceptions->call() #9 /home/pfk-sieradz/websites/www/PFKApi/src/public/index.php(56): Slim\Slim->run() #10 {main} [] []
[2017-07-12 15:41:43] slim.DEBUG: Using token from environent [] []
[2017-07-12 15:41:43] PFK_API.ERROR: exception 'ErrorException' with message 'Undefined property: stdClass::$scope' in /home/pfk-sieradz/websites/www/PFKApi/src/public/index.php:49 Stack trace: #0 /home/pfk-sieradz/websites/www/PFKApi/src/public/index.php(49): Slim\Slim::handleErrors(8, 'Undefined prope...', '/home/pfk-siera...', 49, Array) #1 [internal function]: {closure}('world') #2 /home/pfk-sieradz/websites/www/PFKApi/src/vendor/slim/slim/Slim/Route.php(468): call_user_func_array(Object(Closure), Array) #3 /home/pfk-sieradz/websites/www/PFKApi/src/vendor/slim/slim/Slim/Slim.php(1355): Slim\Route->dispatch() #4 /home/pfk-sieradz/websites/www/PFKApi/src/vendor/slim/slim/Slim/Middleware/Flash.php(85): Slim\Slim->call() #5 /home/pfk-sieradz/websites/www/PFKApi/src/vendor/slim/slim/Slim/Middleware/MethodOverride.php(92): Slim\Middleware\Flash->call() #6 /home/pfk-sieradz/websites/www/PFKApi/src/vendor/tuupola/slim-jwt-auth/src/JwtAuthentication.php(123): Slim\Middleware\MethodOverride->call() #7 /home/pfk-sieradz/websites/www/PFKApi/src/vendor/slim/slim/Slim/Middleware/PrettyExceptions.php(67): Slim\Middleware\JwtAuthentication->call() #8 /home/pfk-sieradz/websites/www/PFKApi/src/vendor/slim/slim/Slim/Slim.php(1300): Slim\Middleware\PrettyExceptions->call() #9 /home/pfk-sieradz/websites/www/PFKApi/src/public/index.php(61): Slim\Slim->run() #10 {main} [] []
[2017-07-12 15:45:10] slim.DEBUG: Using token from environent [] []
[2017-07-12 15:45:10] PFK_API.INFO: Something interesting happened [] []
[2017-07-12 15:49:06] slim.DEBUG: Using token from environent [] []
[2017-07-12 15:49:06] PFK_API.INFO: Something interesting happened [] []
[2017-07-12 15:50:57] slim.DEBUG: Using token from environent [] []
[2017-07-12 15:50:57] PFK_API.INFO: Something interesting happened [] []
[2017-07-12 15:52:19] slim.DEBUG: Using token from environent [] []
[2017-07-12 15:52:19] PFK_API.INFO: Something interesting happened [] []
[2017-07-12 15:53:55] PFK_API.DEBUG: Using token from environent [] []
[2017-07-12 15:53:55] PFK_API.INFO: Something interesting happened [] []
[2017-07-12 15:55:10] PFK_API.DEBUG: Using token from environent [] []
[2017-07-12 15:55:10] PFK_API.INFO: Something interesting happened [] []
[2017-07-12 15:59:08] PFK_API.DEBUG: Using token from environent [] []
[2017-07-12 15:59:08] PFK_API.INFO: Something interesting happened [] []
